<?xml version="1.0" encoding="UTF-8"?>
<!-- Generated by org.testng.reporters.JUnitXMLReporter -->
<testsuite ignored="0" hostname="Samaya-PC" failures="0" tests="4" name="Test" time="0.145" errors="0" timestamp="2022-05-26T18:07:45 IST">
  <testcase classname="jenkins.Test1" name="tc3" time="0.024"/>
  <testcase classname="jenkins.Test3" name="tc3" time="0.005"/>
  <testcase classname="jenkins.Test2" name="tc4" time="0.002"/>
  <testcase classname="jenkins.Test4" name="tc2" time="0.001"/>
</testsuite> <!-- Test -->
